vcap@ubuntu:~/devstack$ /usr/local/bin/nova-xvpvncproxy --config-file /etc/nova/ nova.conf & echo $! >/opt/stack/status/stack/n-xvnc.pid; fg || echo "n-xvnc fail ed to start" | tee "/opt/stack/status/stack/n-xvnc.failure"
[1] 17811
/usr/local/bin/nova-xvpvncproxy --config-file /etc/nova/nova.conf
2014-10-31 15:10:24.470 [01;36mAUDIT nova.vnc.xvp_proxy [[00;36m-[01;36m] [01;35m[01;36mStarting nova-xvpvncproxy node (version 2015.1.0)[00m
2014-10-31 15:10:24.471 [00;36mINFO nova.wsgi [[00;36m-[00;36m] [01;35m[00;36mXCP VNC Proxy listening on 0.0.0.0:6081[00m
2014-10-31 15:10:24.471 [00;32mDEBUG nova.openstack.common.service [[00;36m-[00;32m] [01;35m[00;32mFull set of CONF:[00m [00;33mfrom (pid=17811) _wait_for_exit_or_signal /opt/stack/nova/nova/openstack/common/service.py:165[00m
2014-10-31 15:10:24.472 [00;32mDEBUG nova.openstack.common.service [[00;36m-[00;32m] [01;35m[00;32m********************************************************************************[00m [00;33mfrom (pid=17811) log_opt_values /usr/local/lib/python2.7/dist-packages/oslo/config/cfg.py:1979[00m
2014-10-31 15:10:24.472 [00;32mDEBUG nova.openstack.common.service [[00;36m-[00;32m] [01;35m[00;32mConfiguration options gathered from:[00m [00;33mfrom (pid=17811) log_opt_values /usr/local/lib/python2.7/dist-packages/oslo/config/cfg.py:1980[00m
2014-10-31 15:10:24.473 [00;32mDEBUG nova.openstack.common.service [[00;36m-[00;32m] [01;35m[00;32mcommand line args: ['--config-file', '/etc/nova/nova.conf'][00m [00;33mfrom (pid=17811) log_opt_values /usr/local/lib/python2.7/dist-packages/oslo/config/cfg.py:1981[00m
2014-10-31 15:10:24.473 [00;32mDEBUG nova.openstack.common.service [[00;36m-[00;32m] [01;35m[00;32mconfig files: ['/etc/nova/nova.conf'][00m [00;33mfrom (pid=17811) log_opt_values /usr/local/lib/python2.7/dist-packages/oslo/config/cfg.py:1982[00m
2014-10-31 15:10:24.474 [00;32mDEBUG nova.openstack.common.service [[00;36m-[00;32m] [01;35m[00;32m================================================================================[00m [00;33mfrom (pid=17811) log_opt_values /usr/local/lib/python2.7/dist-packages/oslo/config/cfg.py:1983[00m
2014-10-31 15:10:24.474 [00;32mDEBUG nova.openstack.common.service [[00;36m-[00;32m] [01;35m[00;32mallow_migrate_to_same_host     = True[00m [00;33mfrom (pid=17811) log_opt_values /usr/local/lib/python2.7/dist-packages/oslo/config/cfg.py:1992[00m
2014-10-31 15:10:24.475 [00;32mDEBUG nova.openstack.common.service [[00;36m-[00;32m] [01;35m[00;32mallow_resize_to_same_host      = True[00m [00;33mfrom (pid=17811) log_opt_values /usr/local/lib/python2.7/dist-packages/oslo/config/cfg.py:1992[00m
2014-10-31 15:10:24.475 [00;32mDEBUG nova.openstack.common.service [[00;36m-[00;32m] [01;35m[00;32mamqp_auto_delete               = False[00m [00;33mfrom (pid=17811) log_opt_values /usr/local/lib/python2.7/dist-packages/oslo/config/cfg.py:1992[00m
2014-10-31 15:10:24.475 [00;32mDEBUG nova.openstack.common.service [[00;36m-[00;32m] [01;35m[00;32mamqp_durable_queues            = False[00m [00;33mfrom (pid=17811) log_opt_values /usr/local/lib/python2.7/dist-packages/oslo/config/cfg.py:1992[00m
2014-10-31 15:10:24.476 [00;32mDEBUG nova.openstack.common.service [[00;36m-[00;32m] [01;35m[00;32mapi_paste_config               = /etc/nova/api-paste.ini[00m [00;33mfrom (pid=17811) log_opt_values /usr/local/lib/python2.7/dist-packages/oslo/config/cfg.py:1992[00m
2014-10-31 15:10:24.476 [00;32mDEBUG nova.openstack.common.service [[00;36m-[00;32m] [01;35m[00;32mapi_rate_limit                 = False[00m [00;33mfrom (pid=17811) log_opt_values /usr/local/lib/python2.7/dist-packages/oslo/config/cfg.py:1992[00m
2014-10-31 15:10:24.477 [00;32mDEBUG nova.openstack.common.service [[00;36m-[00;32m] [01;35m[00;32mauth_strategy                  = keystone[00m [00;33mfrom (pid=17811) log_opt_values /usr/local/lib/python2.7/dist-packages/oslo/config/cfg.py:1992[00m
2014-10-31 15:10:24.477 [00;32mDEBUG nova.openstack.common.service [[00;36m-[00;32m] [01;35m[00;32mbackdoor_port                  = None[00m [00;33mfrom (pid=17811) log_opt_values /usr/local/lib/python2.7/dist-packages/oslo/config/cfg.py:1992[00m
2014-10-31 15:10:24.477 [00;32mDEBUG nova.openstack.common.service [[00;36m-[00;32m] [01;35m[00;32mbindir                         = /usr/local/bin[00m [00;33mfrom (pid=17811) log_opt_values /usr/local/lib/python2.7/dist-packages/oslo/config/cfg.py:1992[00m
2014-10-31 15:10:24.478 [00;32mDEBUG nova.openstack.common.service [[00;36m-[00;32m] [01;35m[00;32mca_file                        = cacert.pem[00m [00;33mfrom (pid=17811) log_opt_values /usr/local/lib/python2.7/dist-packages/oslo/config/cfg.py:1992[00m
2014-10-31 15:10:24.479 [00;32mDEBUG nova.openstack.common.service [[00;36m-[00;32m] [01;35m[00;32mca_path                        = /opt/stack/data/nova/CA[00m [00;33mfrom (pid=17811) log_opt_values /usr/local/lib/python2.7/dist-packages/oslo/config/cfg.py:1992[00m
2014-10-31 15:10:24.479 [00;32mDEBUG nova.openstack.common.service [[00;36m-[00;32m] [01;35m[00;32mcert_manager                   = nova.cert.manager.CertManager[00m [00;33mfrom (pid=17811) log_opt_values /usr/local/lib/python2.7/dist-packages/oslo/config/cfg.py:1992[00m
2014-10-31 15:10:24.480 [00;32mDEBUG nova.openstack.common.service [[00;36m-[00;32m] [01;35m[00;32mcompute_driver                 = libvirt.LibvirtDriver[00m [00;33mfrom (pid=17811) log_opt_values /usr/local/lib/python2.7/dist-packages/oslo/config/cfg.py:1992[00m
2014-10-31 15:10:24.480 [00;32mDEBUG nova.openstack.common.service [[00;36m-[00;32m] [01;35m[00;32mcompute_manager                = nova.compute.manager.ComputeManager[00m [00;33mfrom (pid=17811) log_opt_values /usr/local/lib/python2.7/dist-packages/oslo/config/cfg.py:1992[00m
2014-10-31 15:10:24.480 [00;32mDEBUG nova.openstack.common.service [[00;36m-[00;32m] [01;35m[00;32mcompute_topic                  = compute[00m [00;33mfrom (pid=17811) log_opt_values /usr/local/lib/python2.7/dist-packages/oslo/config/cfg.py:1992[00m
2014-10-31 15:10:24.481 [00;32mDEBUG nova.openstack.common.service [[00;36m-[00;32m] [01;35m[00;32mconfig_dir                     = None[00m [00;33mfrom (pid=17811) log_opt_values /usr/local/lib/python2.7/dist-packages/oslo/config/cfg.py:1992[00m
2014-10-31 15:10:24.481 [00;32mDEBUG nova.openstack.common.service [[00;36m-[00;32m] [01;35m[00;32mconfig_file                    = ['/etc/nova/nova.conf'][00m [00;33mfrom (pid=17811) log_opt_values /usr/local/lib/python2.7/dist-packages/oslo/config/cfg.py:1992[00m
2014-10-31 15:10:24.482 [00;32mDEBUG nova.openstack.common.service [[00;36m-[00;32m] [01;35m[00;32mconsole_manager                = nova.console.manager.ConsoleProxyManager[00m [00;33mfrom (pid=17811) log_opt_values /usr/local/lib/python2.7/dist-packages/oslo/config/cfg.py:1992[00m
2014-10-31 15:10:24.482 [00;32mDEBUG nova.openstack.common.service [[00;36m-[00;32m] [01;35m[00;32mconsoleauth_manager            = nova.consoleauth.manager.ConsoleAuthManager[00m [00;33mfrom (pid=17811) log_opt_values /usr/local/lib/python2.7/dist-packages/oslo/config/cfg.py:1992[00m
2014-10-31 15:10:24.483 [00;32mDEBUG nova.openstack.common.service [[00;36m-[00;32m] [01;35m[00;32mconsoleauth_topic              = consoleauth[00m [00;33mfrom (pid=17811) log_opt_values /usr/local/lib/python2.7/dist-packages/oslo/config/cfg.py:1992[00m
2014-10-31 15:10:24.483 [00;32mDEBUG nova.openstack.common.service [[00;36m-[00;32m] [01;35m[00;32mcontrol_exchange               = nova[00m [00;33mfrom (pid=17811) log_opt_values /usr/local/lib/python2.7/dist-packages/oslo/config/cfg.py:1992[00m
2014-10-31 15:10:24.484 [00;32mDEBUG nova.openstack.common.service [[00;36m-[00;32m] [01;35m[00;32mcrl_file                       = crl.pem[00m [00;33mfrom (pid=17811) log_opt_values /usr/local/lib/python2.7/dist-packages/oslo/config/cfg.py:1992[00m
2014-10-31 15:10:24.484 [00;32mDEBUG nova.openstack.common.service [[00;36m-[00;32m] [01;35m[00;32mdb_driver                      = nova.db[00m [00;33mfrom (pid=17811) log_opt_values /usr/local/lib/python2.7/dist-packages/oslo/config/cfg.py:1992[00m
2014-10-31 15:10:24.484 [00;32mDEBUG nova.openstack.common.service [[00;36m-[00;32m] [01;35m[00;32mdebug                          = True[00m [00;33mfrom (pid=17811) log_opt_values /usr/local/lib/python2.7/dist-packages/oslo/config/cfg.py:1992[00m
2014-10-31 15:10:24.485 [00;32mDEBUG nova.openstack.common.service [[00;36m-[00;32m] [01;35m[00;32mdefault_availability_zone      = nova[00m [00;33mfrom (pid=17811) log_opt_values /usr/local/lib/python2.7/dist-packages/oslo/config/cfg.py:1992[00m
2014-10-31 15:10:24.485 [00;32mDEBUG nova.openstack.common.service [[00;36m-[00;32m] [01;35m[00;32mdefault_ephemeral_format       = ext4[00m [00;33mfrom (pid=17811) log_opt_values /usr/local/lib/python2.7/dist-packages/oslo/config/cfg.py:1992[00m
2014-10-31 15:10:24.486 [00;32mDEBUG nova.openstack.common.service [[00;36m-[00;32m] [01;35m[00;32mdefault_flavor                 = m1.small[00m [00;33mfrom (pid=17811) log_opt_values /usr/local/lib/python2.7/dist-packages/oslo/config/cfg.py:1992[00m
2014-10-31 15:10:24.486 [00;32mDEBUG nova.openstack.common.service [[00;36m-[00;32m] [01;35m[00;32mdefault_log_levels             = ['amqp=WARN', 'amqplib=WARN', 'boto=WARN', 'qpid=WARN', 'sqlalchemy=WARN', 'suds=INFO', 'oslo.messaging=INFO', 'iso8601=WARN', 'requests.packages.urllib3.connectionpool=WARN', 'urllib3.connectionpool=WARN', 'websocket=WARN', 'keystonemiddleware=WARN', 'routes.middleware=WARN', 'stevedore=WARN', 'glanceclient=WARN'][00m [00;33mfrom (pid=17811) log_opt_values /usr/local/lib/python2.7/dist-packages/oslo/config/cfg.py:1992[00m
2014-10-31 15:10:24.487 [00;32mDEBUG nova.openstack.common.service [[00;36m-[00;32m] [01;35m[00;32mdefault_notification_level     = INFO[00m [00;33mfrom (pid=17811) log_opt_values /usr/local/lib/python2.7/dist-packages/oslo/config/cfg.py:1992[00m
2014-10-31 15:10:24.487 [00;32mDEBUG nova.openstack.common.service [[00;36m-[00;32m] [01;35m[00;32mdefault_publisher_id           = None[00m [00;33mfrom (pid=17811) log_opt_values /usr/local/lib/python2.7/dist-packages/oslo/config/cfg.py:1992[00m
2014-10-31 15:10:24.487 [00;32mDEBUG nova.openstack.common.service [[00;36m-[00;32m] [01;35m[00;32mdefault_schedule_zone          = None[00m [00;33mfrom (pid=17811) log_opt_values /usr/local/lib/python2.7/dist-packages/oslo/config/cfg.py:1992[00m
2014-10-31 15:10:24.488 [00;32mDEBUG nova.openstack.common.service [[00;36m-[00;32m] [01;35m[00;32mec2_listen                     = 0.0.0.0[00m [00;33mfrom (pid=17811) log_opt_values /usr/local/lib/python2.7/dist-packages/oslo/config/cfg.py:1992[00m
2014-10-31 15:10:24.488 [00;32mDEBUG nova.openstack.common.service [[00;36m-[00;32m] [01;35m[00;32mec2_listen_port                = 8773[00m [00;33mfrom (pid=17811) log_opt_values /usr/local/lib/python2.7/dist-packages/oslo/config/cfg.py:1992[00m
2014-10-31 15:10:24.489 [00;32mDEBUG nova.openstack.common.service [[00;36m-[00;32m] [01;35m[00;32mec2_private_dns_show_ip        = False[00m [00;33mfrom (pid=17811) log_opt_values /usr/local/lib/python2.7/dist-packages/oslo/config/cfg.py:1992[00m
2014-10-31 15:10:24.489 [00;32mDEBUG nova.openstack.common.service [[00;36m-[00;32m] [01;35m[00;32mec2_strict_validation          = True[00m [00;33mfrom (pid=17811) log_opt_values /usr/local/lib/python2.7/dist-packages/oslo/config/cfg.py:1992[00m
2014-10-31 15:10:24.490 [00;32mDEBUG nova.openstack.common.service [[00;36m-[00;32m] [01;35m[00;32mec2_timestamp_expiry           = 300[00m [00;33mfrom (pid=17811) log_opt_values /usr/local/lib/python2.7/dist-packages/oslo/config/cfg.py:1992[00m
2014-10-31 15:10:24.490 [00;32mDEBUG nova.openstack.common.service [[00;36m-[00;32m] [01;35m[00;32mec2_workers                    = 4[00m [00;33mfrom (pid=17811) log_opt_values /usr/local/lib/python2.7/dist-packages/oslo/config/cfg.py:1992[00m
2014-10-31 15:10:24.490 [00;32mDEBUG nova.openstack.common.service [[00;36m-[00;32m] [01;35m[00;32menable_new_services            = True[00m [00;33mfrom (pid=17811) log_opt_values /usr/local/lib/python2.7/dist-packages/oslo/config/cfg.py:1992[00m
2014-10-31 15:10:24.491 [00;32mDEBUG nova.openstack.common.service [[00;36m-[00;32m] [01;35m[00;32menabled_apis                   = ['ec2', 'osapi_compute', 'metadata'][00m [00;33mfrom (pid=17811) log_opt_values /usr/local/lib/python2.7/dist-packages/oslo/config/cfg.py:1992[00m
2014-10-31 15:10:24.491 [00;32mDEBUG nova.openstack.common.service [[00;36m-[00;32m] [01;35m[00;32menabled_ssl_apis               = [][00m [00;33mfrom (pid=17811) log_opt_values /usr/local/lib/python2.7/dist-packages/oslo/config/cfg.py:1992[00m
2014-10-31 15:10:24.492 [00;32mDEBUG nova.openstack.common.service [[00;36m-[00;32m] [01;35m[00;32mfake_rabbit                    = False[00m [00;33mfrom (pid=17811) log_opt_values /usr/local/lib/python2.7/dist-packages/oslo/config/cfg.py:1992[00m
2014-10-31 15:10:24.492 [00;32mDEBUG nova.openstack.common.service [[00;36m-[00;32m] [01;35m[00;32mfatal_deprecations             = False[00m [00;33mfrom (pid=17811) log_opt_values /usr/local/lib/python2.7/dist-packages/oslo/config/cfg.py:1992[00m
2014-10-31 15:10:24.493 [00;32mDEBUG nova.openstack.common.service [[00;36m-[00;32m] [01;35m[00;32mfatal_exception_format_errors  = False[00m [00;33mfrom (pid=17811) log_opt_values /usr/local/lib/python2.7/dist-packages/oslo/config/cfg.py:1992[00m
2014-10-31 15:10:24.493 [00;32mDEBUG nova.openstack.common.service [[00;36m-[00;32m] [01;35m[00;32mhost                           = ubuntu[00m [00;33mfrom (pid=17811) log_opt_values /usr/local/lib/python2.7/dist-packages/oslo/config/cfg.py:1992[00m
2014-10-31 15:10:24.493 [00;32mDEBUG nova.openstack.common.service [[00;36m-[00;32m] [01;35m[00;32minstance_format                = [instance: %(uuid)s] [00m [00;33mfrom (pid=17811) log_opt_values /usr/local/lib/python2.7/dist-packages/oslo/config/cfg.py:1992[00m
2014-10-31 15:10:24.494 [00;32mDEBUG nova.openstack.common.service [[00;36m-[00;32m] [01;35m[00;32minstance_name_template         = instance-%08x[00m [00;33mfrom (pid=17811) log_opt_values /usr/local/lib/python2.7/dist-packages/oslo/config/cfg.py:1992[00m
2014-10-31 15:10:24.494 [00;32mDEBUG nova.openstack.common.service [[00;36m-[00;32m] [01;35m[00;32minstance_usage_audit_period    = hour[00m [00;33mfrom (pid=17811) log_opt_values /usr/local/lib/python2.7/dist-packages/oslo/config/cfg.py:1992[00m
2014-10-31 15:10:24.495 [00;32mDEBUG nova.openstack.common.service [[00;36m-[00;32m] [01;35m[00;32minstance_uuid_format           = [instance: %(uuid)s] [00m [00;33mfrom (pid=17811) log_opt_values /usr/local/lib/python2.7/dist-packages/oslo/config/cfg.py:1992[00m
2014-10-31 15:10:24.495 [00;32mDEBUG nova.openstack.common.service [[00;36m-[00;32m] [01;35m[00;32minternal_service_availability_zone = internal[00m [00;33mfrom (pid=17811) log_opt_values /usr/local/lib/python2.7/dist-packages/oslo/config/cfg.py:1992[00m
2014-10-31 15:10:24.496 [00;32mDEBUG nova.openstack.common.service [[00;36m-[00;32m] [01;35m[00;32mkey_file                       = private/cakey.pem[00m [00;33mfrom (pid=17811) log_opt_values /usr/local/lib/python2.7/dist-packages/oslo/config/cfg.py:1992[00m
2014-10-31 15:10:24.496 [00;32mDEBUG nova.openstack.common.service [[00;36m-[00;32m] [01;35m[00;32mkeys_path                      = /opt/stack/data/nova/keys[00m [00;33mfrom (pid=17811) log_opt_values /usr/local/lib/python2.7/dist-packages/oslo/config/cfg.py:1992[00m
2014-10-31 15:10:24.496 [00;32mDEBUG nova.openstack.common.service [[00;36m-[00;32m] [01;35m[00;32mkeystone_ec2_url               = http://10.10.102.148:5000/v2.0/ec2tokens[00m [00;33mfrom (pid=17811) log_opt_values /usr/local/lib/python2.7/dist-packages/oslo/config/cfg.py:1992[00m
2014-10-31 15:10:24.497 [00;32mDEBUG nova.openstack.common.service [[00;36m-[00;32m] [01;35m[00;32mkombu_reconnect_delay          = 1.0[00m [00;33mfrom (pid=17811) log_opt_values /usr/local/lib/python2.7/dist-packages/oslo/config/cfg.py:1992[00m
2014-10-31 15:10:24.497 [00;32mDEBUG nova.openstack.common.service [[00;36m-[00;32m] [01;35m[00;32mkombu_ssl_ca_certs             = [00m [00;33mfrom (pid=17811) log_opt_values /usr/local/lib/python2.7/dist-packages/oslo/config/cfg.py:1992[00m
2014-10-31 15:10:24.498 [00;32mDEBUG nova.openstack.common.service [[00;36m-[00;32m] [01;35m[00;32mkombu_ssl_certfile             = [00m [00;33mfrom (pid=17811) log_opt_values /usr/local/lib/python2.7/dist-packages/oslo/config/cfg.py:1992[00m
2014-10-31 15:10:24.498 [00;32mDEBUG nova.openstack.common.service [[00;36m-[00;32m] [01;35m[00;32mkombu_ssl_keyfile              = [00m [00;33mfrom (pid=17811) log_opt_values /usr/local/lib/python2.7/dist-packages/oslo/config/cfg.py:1992[00m
2014-10-31 15:10:24.499 [00;32mDEBUG nova.openstack.common.service [[00;36m-[00;32m] [01;35m[00;32mkombu_ssl_version              = [00m [00;33mfrom (pid=17811) log_opt_values /usr/local/lib/python2.7/dist-packages/oslo/config/cfg.py:1992[00m
2014-10-31 15:10:24.499 [00;32mDEBUG nova.openstack.common.service [[00;36m-[00;32m] [01;35m[00;32mlockout_attempts               = 5[00m [00;33mfrom (pid=17811) log_opt_values /usr/local/lib/python2.7/dist-packages/oslo/config/cfg.py:1992[00m
2014-10-31 15:10:24.499 [00;32mDEBUG nova.openstack.common.service [[00;36m-[00;32m] [01;35m[00;32mlockout_minutes                = 15[00m [00;33mfrom (pid=17811) log_opt_values /usr/local/lib/python2.7/dist-packages/oslo/config/cfg.py:1992[00m
2014-10-31 15:10:24.500 [00;32mDEBUG nova.openstack.common.service [[00;36m-[00;32m] [01;35m[00;32mlockout_window                 = 15[00m [00;33mfrom (pid=17811) log_opt_values /usr/local/lib/python2.7/dist-packages/oslo/config/cfg.py:1992[00m
2014-10-31 15:10:24.500 [00;32mDEBUG nova.openstack.common.service [[00;36m-[00;32m] [01;35m[00;32mlog_config_append              = None[00m [00;33mfrom (pid=17811) log_opt_values /usr/local/lib/python2.7/dist-packages/oslo/config/cfg.py:1992[00m
2014-10-31 15:10:24.500 [00;32mDEBUG nova.openstack.common.service [[00;36m-[00;32m] [01;35m[00;32mlog_date_format                = %Y-%m-%d %H:%M:%S[00m [00;33mfrom (pid=17811) log_opt_values /usr/local/lib/python2.7/dist-packages/oslo/config/cfg.py:1992[00m
2014-10-31 15:10:24.501 [00;32mDEBUG nova.openstack.common.service [[00;36m-[00;32m] [01;35m[00;32mlog_dir                        = None[00m [00;33mfrom (pid=17811) log_opt_values /usr/local/lib/python2.7/dist-packages/oslo/config/cfg.py:1992[00m
2014-10-31 15:10:24.501 [00;32mDEBUG nova.openstack.common.service [[00;36m-[00;32m] [01;35m[00;32mlog_file                       = None[00m [00;33mfrom (pid=17811) log_opt_values /usr/local/lib/python2.7/dist-packages/oslo/config/cfg.py:1992[00m
2014-10-31 15:10:24.501 [00;32mDEBUG nova.openstack.common.service [[00;36m-[00;32m] [01;35m[00;32mlog_format                     = None[00m [00;33mfrom (pid=17811) log_opt_values /usr/local/lib/python2.7/dist-packages/oslo/config/cfg.py:1992[00m
2014-10-31 15:10:24.502 [00;32mDEBUG nova.openstack.common.service [[00;36m-[00;32m] [01;35m[00;32mlogging_context_format_string  = %(asctime)s.%(msecs)03d %(color)s%(levelname)s %(name)s [[01;36m%(request_id)s [00;36m%(user_name)s %(project_name)s%(color)s] [01;35m%(instance)s%(color)s%(message)s[00m[00m [00;33mfrom (pid=17811) log_opt_values /usr/local/lib/python2.7/dist-packages/oslo/config/cfg.py:1992[00m
2014-10-31 15:10:24.502 [00;32mDEBUG nova.openstack.common.service [[00;36m-[00;32m] [01;35m[00;32mlogging_debug_format_suffix    = [00;33mfrom (pid=%(process)d) %(funcName)s %(pathname)s:%(lineno)d[00m[00m [00;33mfrom (pid=17811) log_opt_values /usr/local/lib/python2.7/dist-packages/oslo/config/cfg.py:1992[00m
2014-10-31 15:10:24.503 [00;32mDEBUG nova.openstack.common.service [[00;36m-[00;32m] [01;35m[00;32mlogging_default_format_string  = %(asctime)s.%(msecs)03d %(color)s%(levelname)s %(name)s [[00;36m-%(color)s] [01;35m%(instance)s%(color)s%(message)s[00m[00m [00;33mfrom (pid=17811) log_opt_values /usr/local/lib/python2.7/dist-packages/oslo/config/cfg.py:1992[00m
2014-10-31 15:10:24.503 [00;32mDEBUG nova.openstack.common.service [[00;36m-[00;32m] [01;35m[00;32mlogging_exception_prefix       = %(color)s%(asctime)s.%(msecs)03d TRACE %(name)s [01;35m%(instance)s[00m[00m [00;33mfrom (pid=17811) log_opt_values /usr/local/lib/python2.7/dist-packages/oslo/config/cfg.py:1992[00m
2014-10-31 15:10:24.503 [00;32mDEBUG nova.openstack.common.service [[00;36m-[00;32m] [01;35m[00;32mmax_age                        = 0[00m [00;33mfrom (pid=17811) log_opt_values /usr/local/lib/python2.7/dist-packages/oslo/config/cfg.py:1992[00m
2014-10-31 15:10:24.504 [00;32mDEBUG nova.openstack.common.service [[00;36m-[00;32m] [01;35m[00;32mmax_header_line                = 16384[00m [00;33mfrom (pid=17811) log_opt_values /usr/local/lib/python2.7/dist-packages/oslo/config/cfg.py:1992[00m
2014-10-31 15:10:24.504 [00;32mDEBUG nova.openstack.common.service [[00;36m-[00;32m] [01;35m[00;32mmax_local_block_devices        = 3[00m [00;33mfrom (pid=17811) log_opt_values /usr/local/lib/python2.7/dist-packages/oslo/config/cfg.py:1992[00m
2014-10-31 15:10:24.505 [00;32mDEBUG nova.openstack.common.service [[00;36m-[00;32m] [01;35m[00;32mmemcached_servers              = None[00m [00;33mfrom (pid=17811) log_opt_values /usr/local/lib/python2.7/dist-packages/oslo/config/cfg.py:1992[00m
2014-10-31 15:10:24.505 [00;32mDEBUG nova.openstack.common.service [[00;36m-[00;32m] [01;35m[00;32mmetadata_listen                = 0.0.0.0[00m [00;33mfrom (pid=17811) log_opt_values /usr/local/lib/python2.7/dist-packages/oslo/config/cfg.py:1992[00m
2014-10-31 15:10:24.505 [00;32mDEBUG nova.openstack.common.service [[00;36m-[00;32m] [01;35m[00;32mmetadata_listen_port           = 8775[00m [00;33mfrom (pid=17811) log_opt_values /usr/local/lib/python2.7/dist-packages/oslo/config/cfg.py:1992[00m
2014-10-31 15:10:24.506 [00;32mDEBUG nova.openstack.common.service [[00;36m-[00;32m] [01;35m[00;32mmetadata_manager               = nova.api.manager.MetadataManager[00m [00;33mfrom (pid=17811) log_opt_values /usr/local/lib/python2.7/dist-packages/oslo/config/cfg.py:1992[00m
2014-10-31 15:10:24.506 [00;32mDEBUG nova.openstack.common.service [[00;36m-[00;32m] [01;35m[00;32mmetadata_workers               = 4[00m [00;33mfrom (pid=17811) log_opt_values /usr/local/lib/python2.7/dist-packages/oslo/config/cfg.py:1992[00m
2014-10-31 15:10:24.507 [00;32mDEBUG nova.openstack.common.service [[00;36m-[00;32m] [01;35m[00;32mmigrate_max_retries            = -1[00m [00;33mfrom (pid=17811) log_opt_values /usr/local/lib/python2.7/dist-packages/oslo/config/cfg.py:1992[00m
2014-10-31 15:10:24.507 [00;32mDEBUG nova.openstack.common.service [[00;36m-[00;32m] [01;35m[00;32mmonkey_patch                   = False[00m [00;33mfrom (pid=17811) log_opt_values /usr/local/lib/python2.7/dist-packages/oslo/config/cfg.py:1992[00m
2014-10-31 15:10:24.507 [00;32mDEBUG nova.openstack.common.service [[00;36m-[00;32m] [01;35m[00;32mmonkey_patch_modules           = ['nova.api.ec2.cloud:nova.notifications.notify_decorator', 'nova.compute.api:nova.notifications.notify_decorator'][00m [00;33mfrom (pid=17811) log_opt_values /usr/local/lib/python2.7/dist-packages/oslo/config/cfg.py:1992[00m
2014-10-31 15:10:24.508 [00;32mDEBUG nova.openstack.common.service [[00;36m-[00;32m] [01;35m[00;32mmulti_instance_display_name_template = %(name)s-%(uuid)s[00m [00;33mfrom (pid=17811) log_opt_values /usr/local/lib/python2.7/dist-packages/oslo/config/cfg.py:1992[00m
2014-10-31 15:10:24.508 [00;32mDEBUG nova.openstack.common.service [[00;36m-[00;32m] [01;35m[00;32mmy_ip                          = 10.10.102.148[00m [00;33mfrom (pid=17811) log_opt_values /usr/local/lib/python2.7/dist-packages/oslo/config/cfg.py:1992[00m
2014-10-31 15:10:24.509 [00;32mDEBUG nova.openstack.common.service [[00;36m-[00;32m] [01;35m[00;32mnetwork_api_class              = nova.network.api.API[00m [00;33mfrom (pid=17811) log_opt_values /usr/local/lib/python2.7/dist-packages/oslo/config/cfg.py:1992[00m
2014-10-31 15:10:24.509 [00;32mDEBUG nova.openstack.common.service [[00;36m-[00;32m] [01;35m[00;32mnetwork_manager                = nova.network.manager.FlatDHCPManager[00m [00;33mfrom (pid=17811) log_opt_values /usr/local/lib/python2.7/dist-packages/oslo/config/cfg.py:1992[00m
2014-10-31 15:10:24.510 [00;32mDEBUG nova.openstack.common.service [[00;36m-[00;32m] [01;35m[00;32mnon_inheritable_image_properties = ['cache_in_nova', 'bittorrent'][00m [00;33mfrom (pid=17811) log_opt_values /usr/local/lib/python2.7/dist-packages/oslo/config/cfg.py:1992[00m
2014-10-31 15:10:24.510 [00;32mDEBUG nova.openstack.common.service [[00;36m-[00;32m] [01;35m[00;32mnotification_driver            = ['messaging'][00m [00;33mfrom (pid=17811) log_opt_values /usr/local/lib/python2.7/dist-packages/oslo/config/cfg.py:1992[00m
2014-10-31 15:10:24.511 [00;32mDEBUG nova.openstack.common.service [[00;36m-[00;32m] [01;35m[00;32mnotification_topics            = ['notifications'][00m [00;33mfrom (pid=17811) log_opt_values /usr/local/lib/python2.7/dist-packages/oslo/config/cfg.py:1992[00m
2014-10-31 15:10:24.511 [00;32mDEBUG nova.openstack.common.service [[00;36m-[00;32m] [01;35m[00;32mnotify_api_faults              = False[00m [00;33mfrom (pid=17811) log_opt_values /usr/local/lib/python2.7/dist-packages/oslo/config/cfg.py:1992[00m
2014-10-31 15:10:24.511 [00;32mDEBUG nova.openstack.common.service [[00;36m-[00;32m] [01;35m[00;32mnotify_on_state_change         = vm_and_task_state[00m [00;33mfrom (pid=17811) log_opt_values /usr/local/lib/python2.7/dist-packages/oslo/config/cfg.py:1992[00m
2014-10-31 15:10:24.512 [00;32mDEBUG nova.openstack.common.service [[00;36m-[00;32m] [01;35m[00;32mnovncproxy_base_url            = http://10.10.102.148:6080/vnc_auto.html[00m [00;33mfrom (pid=17811) log_opt_values /usr/local/lib/python2.7/dist-packages/oslo/config/cfg.py:1992[00m
2014-10-31 15:10:24.512 [00;32mDEBUG nova.openstack.common.service [[00;36m-[00;32m] [01;35m[00;32mnull_kernel                    = nokernel[00m [00;33mfrom (pid=17811) log_opt_values /usr/local/lib/python2.7/dist-packages/oslo/config/cfg.py:1992[00m
2014-10-31 15:10:24.513 [00;32mDEBUG nova.openstack.common.service [[00;36m-[00;32m] [01;35m[00;32mosapi_compute_listen           = 0.0.0.0[00m [00;33mfrom (pid=17811) log_opt_values /usr/local/lib/python2.7/dist-packages/oslo/config/cfg.py:1992[00m
2014-10-31 15:10:24.513 [00;32mDEBUG nova.openstack.common.service [[00;36m-[00;32m] [01;35m[00;32mosapi_compute_listen_port      = 8774[00m [00;33mfrom (pid=17811) log_opt_values /usr/local/lib/python2.7/dist-packages/oslo/config/cfg.py:1992[00m
2014-10-31 15:10:24.514 [00;32mDEBUG nova.openstack.common.service [[00;36m-[00;32m] [01;35m[00;32mosapi_compute_workers          = 4[00m [00;33mfrom (pid=17811) log_opt_values /usr/local/lib/python2.7/dist-packages/oslo/config/cfg.py:1992[00m
2014-10-31 15:10:24.514 [00;32mDEBUG nova.openstack.common.service [[00;36m-[00;32m] [01;35m[00;32mpassword_length                = 12[00m [00;33mfrom (pid=17811) log_opt_values /usr/local/lib/python2.7/dist-packages/oslo/config/cfg.py:1992[00m
2014-10-31 15:10:24.514 [00;32mDEBUG nova.openstack.common.service [[00;36m-[00;32m] [01;35m[00;32mpci_alias                      = [][00m [00;33mfrom (pid=17811) log_opt_values /usr/local/lib/python2.7/dist-packages/oslo/config/cfg.py:1992[00m
2014-10-31 15:10:24.515 [00;32mDEBUG nova.openstack.common.service [[00;36m-[00;32m] [01;35m[00;32mperiodic_enable                = True[00m [00;33mfrom (pid=17811) log_opt_values /usr/local/lib/python2.7/dist-packages/oslo/config/cfg.py:1992[00m
2014-10-31 15:10:24.515 [00;32mDEBUG nova.openstack.common.service [[00;36m-[00;32m] [01;35m[00;32mperiodic_fuzzy_delay           = 60[00m [00;33mfrom (pid=17811) log_opt_values /usr/local/lib/python2.7/dist-packages/oslo/config/cfg.py:1992[00m
2014-10-31 15:10:24.516 [00;32mDEBUG nova.openstack.common.service [[00;36m-[00;32m] [01;35m[00;32mpolicy_default_rule            = default[00m [00;33mfrom (pid=17811) log_opt_values /usr/local/lib/python2.7/dist-packages/oslo/config/cfg.py:1992[00m
2014-10-31 15:10:24.516 [00;32mDEBUG nova.openstack.common.service [[00;36m-[00;32m] [01;35m[00;32mpolicy_dirs                    = ['policy.d'][00m [00;33mfrom (pid=17811) log_opt_values /usr/local/lib/python2.7/dist-packages/oslo/config/cfg.py:1992[00m
2014-10-31 15:10:24.516 [00;32mDEBUG nova.openstack.common.service [[00;36m-[00;32m] [01;35m[00;32mpolicy_file                    = policy.json[00m [00;33mfrom (pid=17811) log_opt_values /usr/local/lib/python2.7/dist-packages/oslo/config/cfg.py:1992[00m
2014-10-31 15:10:24.517 [00;32mDEBUG nova.openstack.common.service [[00;36m-[00;32m] [01;35m[00;32mpreallocate_images             = none[00m [00;33mfrom (pid=17811) log_opt_values /usr/local/lib/python2.7/dist-packages/oslo/config/cfg.py:1992[00m
2014-10-31 15:10:24.517 [00;32mDEBUG nova.openstack.common.service [[00;36m-[00;32m] [01;35m[00;32mproject_cert_subject           = /C=US/ST=California/O=OpenStack/OU=NovaDev/CN=project-ca-%.16s-%s[00m [00;33mfrom (pid=17811) log_opt_values /usr/local/lib/python2.7/dist-packages/oslo/config/cfg.py:1992[00m
2014-10-31 15:10:24.518 [00;32mDEBUG nova.openstack.common.service [[00;36m-[00;32m] [01;35m[00;32mpublish_errors                 = False[00m [00;33mfrom (pid=17811) log_opt_values /usr/local/lib/python2.7/dist-packages/oslo/config/cfg.py:1992[00m
2014-10-31 15:10:24.518 [00;32mDEBUG nova.openstack.common.service [[00;36m-[00;32m] [01;35m[00;32mpybasedir                      = /opt/stack/nova[00m [00;33mfrom (pid=17811) log_opt_values /usr/local/lib/python2.7/dist-packages/oslo/config/cfg.py:1992[00m
2014-10-31 15:10:24.518 [00;32mDEBUG nova.openstack.common.service [[00;36m-[00;32m] [01;35m[00;32mquota_cores                    = 20[00m [00;33mfrom (pid=17811) log_opt_values /usr/local/lib/python2.7/dist-packages/oslo/config/cfg.py:1992[00m
2014-10-31 15:10:24.519 [00;32mDEBUG nova.openstack.common.service [[00;36m-[00;32m] [01;35m[00;32mquota_driver                   = nova.quota.DbQuotaDriver[00m [00;33mfrom (pid=17811) log_opt_values /usr/local/lib/python2.7/dist-packages/oslo/config/cfg.py:1992[00m
2014-10-31 15:10:24.519 [00;32mDEBUG nova.openstack.common.service [[00;36m-[00;32m] [01;35m[00;32mquota_fixed_ips                = -1[00m [00;33mfrom (pid=17811) log_opt_values /usr/local/lib/python2.7/dist-packages/oslo/config/cfg.py:1992[00m
2014-10-31 15:10:24.520 [00;32mDEBUG nova.openstack.common.service [[00;36m-[00;32m] [01;35m[00;32mquota_floating_ips             = 10[00m [00;33mfrom (pid=17811) log_opt_values /usr/local/lib/python2.7/dist-packages/oslo/config/cfg.py:1992[00m
2014-10-31 15:10:24.520 [00;32mDEBUG nova.openstack.common.service [[00;36m-[00;32m] [01;35m[00;32mquota_injected_file_content_bytes = 10240[00m [00;33mfrom (pid=17811) log_opt_values /usr/local/lib/python2.7/dist-packages/oslo/config/cfg.py:1992[00m
2014-10-31 15:10:24.521 [00;32mDEBUG nova.openstack.common.service [[00;36m-[00;32m] [01;35m[00;32mquota_injected_file_path_length = 255[00m [00;33mfrom (pid=17811) log_opt_values /usr/local/lib/python2.7/dist-packages/oslo/config/cfg.py:1992[00m
2014-10-31 15:10:24.521 [00;32mDEBUG nova.openstack.common.service [[00;36m-[00;32m] [01;35m[00;32mquota_injected_files           = 5[00m [00;33mfrom (pid=17811) log_opt_values /usr/local/lib/python2.7/dist-packages/oslo/config/cfg.py:1992[00m
2014-10-31 15:10:24.521 [00;32mDEBUG nova.openstack.common.service [[00;36m-[00;32m] [01;35m[00;32mquota_instances                = 10[00m [00;33mfrom (pid=17811) log_opt_values /usr/local/lib/python2.7/dist-packages/oslo/config/cfg.py:1992[00m
2014-10-31 15:10:24.522 [00;32mDEBUG nova.openstack.common.service [[00;36m-[00;32m] [01;35m[00;32mquota_key_pairs                = 100[00m [00;33mfrom (pid=17811) log_opt_values /usr/local/lib/python2.7/dist-packages/oslo/config/cfg.py:1992[00m
2014-10-31 15:10:24.522 [00;32mDEBUG nova.openstack.common.service [[00;36m-[00;32m] [01;35m[00;32mquota_metadata_items           = 128[00m [00;33mfrom (pid=17811) log_opt_values /usr/local/lib/python2.7/dist-packages/oslo/config/cfg.py:1992[00m
2014-10-31 15:10:24.523 [00;32mDEBUG nova.openstack.common.service [[00;36m-[00;32m] [01;35m[00;32mquota_ram                      = 51200[00m [00;33mfrom (pid=17811) log_opt_values /usr/local/lib/python2.7/dist-packages/oslo/config/cfg.py:1992[00m
2014-10-31 15:10:24.523 [00;32mDEBUG nova.openstack.common.service [[00;36m-[00;32m] [01;35m[00;32mquota_security_group_rules     = 20[00m [00;33mfrom (pid=17811) log_opt_values /usr/local/lib/python2.7/dist-packages/oslo/config/cfg.py:1992[00m
2014-10-31 15:10:24.523 [00;32mDEBUG nova.openstack.common.service [[00;36m-[00;32m] [01;35m[00;32mquota_security_groups          = 10[00m [00;33mfrom (pid=17811) log_opt_values /usr/local/lib/python2.7/dist-packages/oslo/config/cfg.py:1992[00m
2014-10-31 15:10:24.524 [00;32mDEBUG nova.openstack.common.service [[00;36m-[00;32m] [01;35m[00;32mquota_server_group_members     = 10[00m [00;33mfrom (pid=17811) log_opt_values /usr/local/lib/python2.7/dist-packages/oslo/config/cfg.py:1992[00m
2014-10-31 15:10:24.524 [00;32mDEBUG nova.openstack.common.service [[00;36m-[00;32m] [01;35m[00;32mquota_server_groups            = 10[00m [00;33mfrom (pid=17811) log_opt_values /usr/local/lib/python2.7/dist-packages/oslo/config/cfg.py:1992[00m
2014-10-31 15:10:24.525 [00;32mDEBUG nova.openstack.common.service [[00;36m-[00;32m] [01;35m[00;32mrabbit_ha_queues               = False[00m [00;33mfrom (pid=17811) log_opt_values /usr/local/lib/python2.7/dist-packages/oslo/config/cfg.py:1992[00m
2014-10-31 15:10:24.525 [00;32mDEBUG nova.openstack.common.service [[00;36m-[00;32m] [01;35m[00;32mrabbit_host                    = localhost[00m [00;33mfrom (pid=17811) log_opt_values /usr/local/lib/python2.7/dist-packages/oslo/config/cfg.py:1992[00m
2014-10-31 15:10:24.525 [00;32mDEBUG nova.openstack.common.service [[00;36m-[00;32m] [01;35m[00;32mrabbit_hosts                   = ['10.10.102.148'][00m [00;33mfrom (pid=17811) log_opt_values /usr/local/lib/python2.7/dist-packages/oslo/config/cfg.py:1992[00m
2014-10-31 15:10:24.526 [00;32mDEBUG nova.openstack.common.service [[00;36m-[00;32m] [01;35m[00;32mrabbit_login_method            = AMQPLAIN[00m [00;33mfrom (pid=17811) log_opt_values /usr/local/lib/python2.7/dist-packages/oslo/config/cfg.py:1992[00m
2014-10-31 15:10:24.526 [00;32mDEBUG nova.openstack.common.service [[00;36m-[00;32m] [01;35m[00;32mrabbit_max_retries             = 0[00m [00;33mfrom (pid=17811) log_opt_values /usr/local/lib/python2.7/dist-packages/oslo/config/cfg.py:1992[00m
2014-10-31 15:10:24.527 [00;32mDEBUG nova.openstack.common.service [[00;36m-[00;32m] [01;35m[00;32mrabbit_password                = ****[00m [00;33mfrom (pid=17811) log_opt_values /usr/local/lib/python2.7/dist-packages/oslo/config/cfg.py:1992[00m
2014-10-31 15:10:24.527 [00;32mDEBUG nova.openstack.common.service [[00;36m-[00;32m] [01;35m[00;32mrabbit_port                    = 5672[00m [00;33mfrom (pid=17811) log_opt_values /usr/local/lib/python2.7/dist-packages/oslo/config/cfg.py:1992[00m
2014-10-31 15:10:24.527 [00;32mDEBUG nova.openstack.common.service [[00;36m-[00;32m] [01;35m[00;32mrabbit_retry_backoff           = 2[00m [00;33mfrom (pid=17811) log_opt_values /usr/local/lib/python2.7/dist-packages/oslo/config/cfg.py:1992[00m
2014-10-31 15:10:24.528 [00;32mDEBUG nova.openstack.common.service [[00;36m-[00;32m] [01;35m[00;32mrabbit_retry_interval          = 1[00m [00;33mfrom (pid=17811) log_opt_values /usr/local/lib/python2.7/dist-packages/oslo/config/cfg.py:1992[00m
2014-10-31 15:10:24.528 [00;32mDEBUG nova.openstack.common.service [[00;36m-[00;32m] [01;35m[00;32mrabbit_use_ssl                 = False[00m [00;33mfrom (pid=17811) log_opt_values /usr/local/lib/python2.7/dist-packages/oslo/config/cfg.py:1992[00m
2014-10-31 15:10:24.529 [00;32mDEBUG nova.openstack.common.service [[00;36m-[00;32m] [01;35m[00;32mrabbit_userid                  = guest[00m [00;33mfrom (pid=17811) log_opt_values /usr/local/lib/python2.7/dist-packages/oslo/config/cfg.py:1992[00m
2014-10-31 15:10:24.529 [00;32mDEBUG nova.openstack.common.service [[00;36m-[00;32m] [01;35m[00;32mrabbit_virtual_host            = /[00m [00;33mfrom (pid=17811) log_opt_values /usr/local/lib/python2.7/dist-packages/oslo/config/cfg.py:1992[00m
2014-10-31 15:10:24.529 [00;32mDEBUG nova.openstack.common.service [[00;36m-[00;32m] [01;35m[00;32mreport_interval                = 10[00m [00;33mfrom (pid=17811) log_opt_values /usr/local/lib/python2.7/dist-packages/oslo/config/cfg.py:1992[00m
2014-10-31 15:10:24.530 [00;32mDEBUG nova.openstack.common.service [[00;36m-[00;32m] [01;35m[00;32mreservation_expire             = 86400[00m [00;33mfrom (pid=17811) log_opt_values /usr/local/lib/python2.7/dist-packages/oslo/config/cfg.py:1992[00m
2014-10-31 15:10:24.530 [00;32mDEBUG nova.openstack.common.service [[00;36m-[00;32m] [01;35m[00;32mrootwrap_config                = /etc/nova/rootwrap.conf[00m [00;33mfrom (pid=17811) log_opt_values /usr/local/lib/python2.7/dist-packages/oslo/config/cfg.py:1992[00m
2014-10-31 15:10:24.531 [00;32mDEBUG nova.openstack.common.service [[00;36m-[00;32m] [01;35m[00;32mrpc_backend                    = nova.openstack.common.rpc.impl_kombu[00m [00;33mfrom (pid=17811) log_opt_values /usr/local/lib/python2.7/dist-packages/oslo/config/cfg.py:1992[00m
2014-10-31 15:10:24.531 [00;32mDEBUG nova.openstack.common.service [[00;36m-[00;32m] [01;35m[00;32mrpc_conn_pool_size             = 30[00m [00;33mfrom (pid=17811) log_opt_values /usr/local/lib/python2.7/dist-packages/oslo/config/cfg.py:1992[00m
2014-10-31 15:10:24.531 [00;32mDEBUG nova.openstack.common.service [[00;36m-[00;32m] [01;35m[00;32mrun_external_periodic_tasks    = True[00m [00;33mfrom (pid=17811) log_opt_values /usr/local/lib/python2.7/dist-packages/oslo/config/cfg.py:1992[00m
2014-10-31 15:10:24.532 [00;32mDEBUG nova.openstack.common.service [[00;36m-[00;32m] [01;35m[00;32mscheduler_host_manager         = nova.scheduler.host_manager.HostManager[00m [00;33mfrom (pid=17811) log_opt_values /usr/local/lib/python2.7/dist-packages/oslo/config/cfg.py:1992[00m
2014-10-31 15:10:24.532 [00;32mDEBUG nova.openstack.common.service [[00;36m-[00;32m] [01;35m[00;32mscheduler_manager              = nova.scheduler.manager.SchedulerManager[00m [00;33mfrom (pid=17811) log_opt_values /usr/local/lib/python2.7/dist-packages/oslo/config/cfg.py:1992[00m
2014-10-31 15:10:24.533 [00;32mDEBUG nova.openstack.common.service [[00;36m-[00;32m] [01;35m[00;32mscheduler_max_attempts         = 3[00m [00;33mfrom (pid=17811) log_opt_values /usr/local/lib/python2.7/dist-packages/oslo/config/cfg.py:1992[00m
2014-10-31 15:10:24.533 [00;32mDEBUG nova.openstack.common.service [[00;36m-[00;32m] [01;35m[00;32msecurity_group_api             = nova[00m [00;33mfrom (pid=17811) log_opt_values /usr/local/lib/python2.7/dist-packages/oslo/config/cfg.py:1992[00m
2014-10-31 15:10:24.534 [00;32mDEBUG nova.openstack.common.service [[00;36m-[00;32m] [01;35m[00;32mservice_down_time              = 60[00m [00;33mfrom (pid=17811) log_opt_values /usr/local/lib/python2.7/dist-packages/oslo/config/cfg.py:1992[00m
2014-10-31 15:10:24.534 [00;32mDEBUG nova.openstack.common.service [[00;36m-[00;32m] [01;35m[00;32mservicegroup_driver            = db[00m [00;33mfrom (pid=17811) log_opt_values /usr/local/lib/python2.7/dist-packages/oslo/config/cfg.py:1992[00m
2014-10-31 15:10:24.534 [00;32mDEBUG nova.openstack.common.service [[00;36m-[00;32m] [01;35m[00;32msnapshot_name_template         = snapshot-%s[00m [00;33mfrom (pid=17811) log_opt_values /usr/local/lib/python2.7/dist-packages/oslo/config/cfg.py:1992[00m
2014-10-31 15:10:24.535 [00;32mDEBUG nova.openstack.common.service [[00;36m-[00;32m] [01;35m[00;32mssl_ca_file                    = None[00m [00;33mfrom (pid=17811) log_opt_values /usr/local/lib/python2.7/dist-packages/oslo/config/cfg.py:1992[00m
2014-10-31 15:10:24.535 [00;32mDEBUG nova.openstack.common.service [[00;36m-[00;32m] [01;35m[00;32mssl_cert_file                  = None[00m [00;33mfrom (pid=17811) log_opt_values /usr/local/lib/python2.7/dist-packages/oslo/config/cfg.py:1992[00m
2014-10-31 15:10:24.536 [00;32mDEBUG nova.openstack.common.service [[00;36m-[00;32m] [01;35m[00;32mssl_key_file                   = None[00m [00;33mfrom (pid=17811) log_opt_values /usr/local/lib/python2.7/dist-packages/oslo/config/cfg.py:1992[00m
2014-10-31 15:10:24.536 [00;32mDEBUG nova.openstack.common.service [[00;36m-[00;32m] [01;35m[00;32mstate_path                     = /opt/stack/data/nova[00m [00;33mfrom (pid=17811) log_opt_values /usr/local/lib/python2.7/dist-packages/oslo/config/cfg.py:1992[00m
2014-10-31 15:10:24.536 [00;32mDEBUG nova.openstack.common.service [[00;36m-[00;32m] [01;35m[00;32msyslog_log_facility            = LOG_USER[00m [00;33mfrom (pid=17811) log_opt_values /usr/local/lib/python2.7/dist-packages/oslo/config/cfg.py:1992[00m
2014-10-31 15:10:24.537 [00;32mDEBUG nova.openstack.common.service [[00;36m-[00;32m] [01;35m[00;32mtcp_keepidle                   = 600[00m [00;33mfrom (pid=17811) log_opt_values /usr/local/lib/python2.7/dist-packages/oslo/config/cfg.py:1992[00m
2014-10-31 15:10:24.537 [00;32mDEBUG nova.openstack.common.service [[00;36m-[00;32m] [01;35m[00;32mtempdir                        = None[00m [00;33mfrom (pid=17811) log_opt_values /usr/local/lib/python2.7/dist-packages/oslo/config/cfg.py:1992[00m
2014-10-31 15:10:24.537 [00;32mDEBUG nova.openstack.common.service [[00;36m-[00;32m] [01;35m[00;32mtransport_url                  = None[00m [00;33mfrom (pid=17811) log_opt_values /usr/local/lib/python2.7/dist-packages/oslo/config/cfg.py:1992[00m
2014-10-31 15:10:24.538 [00;32mDEBUG nova.openstack.common.service [[00;36m-[00;32m] [01;35m[00;32muntil_refresh                  = 0[00m [00;33mfrom (pid=17811) log_opt_values /usr/local/lib/python2.7/dist-packages/oslo/config/cfg.py:1992[00m
2014-10-31 15:10:24.538 [00;32mDEBUG nova.openstack.common.service [[00;36m-[00;32m] [01;35m[00;32muse_cow_images                 = True[00m [00;33mfrom (pid=17811) log_opt_values /usr/local/lib/python2.7/dist-packages/oslo/config/cfg.py:1992[00m
2014-10-31 15:10:24.539 [00;32mDEBUG nova.openstack.common.service [[00;36m-[00;32m] [01;35m[00;32muse_forwarded_for              = False[00m [00;33mfrom (pid=17811) log_opt_values /usr/local/lib/python2.7/dist-packages/oslo/config/cfg.py:1992[00m
2014-10-31 15:10:24.539 [00;32mDEBUG nova.openstack.common.service [[00;36m-[00;32m] [01;35m[00;32muse_ipv6                       = False[00m [00;33mfrom (pid=17811) log_opt_values /usr/local/lib/python2.7/dist-packages/oslo/config/cfg.py:1992[00m
2014-10-31 15:10:24.539 [00;32mDEBUG nova.openstack.common.service [[00;36m-[00;32m] [01;35m[00;32muse_project_ca                 = False[00m [00;33mfrom (pid=17811) log_opt_values /usr/local/lib/python2.7/dist-packages/oslo/config/cfg.py:1992[00m
2014-10-31 15:10:24.540 [00;32mDEBUG nova.openstack.common.service [[00;36m-[00;32m] [01;35m[00;32muse_stderr                     = True[00m [00;33mfrom (pid=17811) log_opt_values /usr/local/lib/python2.7/dist-packages/oslo/config/cfg.py:1992[00m
2014-10-31 15:10:24.540 [00;32mDEBUG nova.openstack.common.service [[00;36m-[00;32m] [01;35m[00;32muse_syslog                     = False[00m [00;33mfrom (pid=17811) log_opt_values /usr/local/lib/python2.7/dist-packages/oslo/config/cfg.py:1992[00m
2014-10-31 15:10:24.541 [00;32mDEBUG nova.openstack.common.service [[00;36m-[00;32m] [01;35m[00;32muse_syslog_rfc_format          = False[00m [00;33mfrom (pid=17811) log_opt_values /usr/local/lib/python2.7/dist-packages/oslo/config/cfg.py:1992[00m
2014-10-31 15:10:24.541 [00;32mDEBUG nova.openstack.common.service [[00;36m-[00;32m] [01;35m[00;32muser_cert_subject              = /C=US/ST=California/O=OpenStack/OU=NovaDev/CN=%.16s-%.16s-%s[00m [00;33mfrom (pid=17811) log_opt_values /usr/local/lib/python2.7/dist-packages/oslo/config/cfg.py:1992[00m
2014-10-31 15:10:24.541 [00;32mDEBUG nova.openstack.common.service [[00;36m-[00;32m] [01;35m[00;32mvcpu_pin_set                   = None[00m [00;33mfrom (pid=17811) log_opt_values /usr/local/lib/python2.7/dist-packages/oslo/config/cfg.py:1992[00m
2014-10-31 15:10:24.542 [00;32mDEBUG nova.openstack.common.service [[00;36m-[00;32m] [01;35m[00;32mverbose                        = True[00m [00;33mfrom (pid=17811) log_opt_values /usr/local/lib/python2.7/dist-packages/oslo/config/cfg.py:1992[00m
2014-10-31 15:10:24.542 [00;32mDEBUG nova.openstack.common.service [[00;36m-[00;32m] [01;35m[00;32mvif_plugging_is_fatal          = True[00m [00;33mfrom (pid=17811) log_opt_values /usr/local/lib/python2.7/dist-packages/oslo/config/cfg.py:1992[00m
2014-10-31 15:10:24.543 [00;32mDEBUG nova.openstack.common.service [[00;36m-[00;32m] [01;35m[00;32mvif_plugging_timeout           = 300[00m [00;33mfrom (pid=17811) log_opt_values /usr/local/lib/python2.7/dist-packages/oslo/config/cfg.py:1992[00m
2014-10-31 15:10:24.543 [00;32mDEBUG nova.openstack.common.service [[00;36m-[00;32m] [01;35m[00;32mvnc_enabled                    = True[00m [00;33mfrom (pid=17811) log_opt_values /usr/local/lib/python2.7/dist-packages/oslo/config/cfg.py:1992[00m
2014-10-31 15:10:24.544 [00;32mDEBUG nova.openstack.common.service [[00;36m-[00;32m] [01;35m[00;32mvnc_keymap                     = en-us[00m [00;33mfrom (pid=17811) log_opt_values /usr/local/lib/python2.7/dist-packages/oslo/config/cfg.py:1992[00m
2014-10-31 15:10:24.544 [00;32mDEBUG nova.openstack.common.service [[00;36m-[00;32m] [01;35m[00;32mvncserver_listen               = 127.0.0.1[00m [00;33mfrom (pid=17811) log_opt_values /usr/local/lib/python2.7/dist-packages/oslo/config/cfg.py:1992[00m
2014-10-31 15:10:24.544 [00;32mDEBUG nova.openstack.common.service [[00;36m-[00;32m] [01;35m[00;32mvncserver_proxyclient_address  = 127.0.0.1[00m [00;33mfrom (pid=17811) log_opt_values /usr/local/lib/python2.7/dist-packages/oslo/config/cfg.py:1992[00m
2014-10-31 15:10:24.545 [00;32mDEBUG nova.openstack.common.service [[00;36m-[00;32m] [01;35m[00;32mvolume_api_class               = nova.volume.cinder.API[00m [00;33mfrom (pid=17811) log_opt_values /usr/local/lib/python2.7/dist-packages/oslo/config/cfg.py:1992[00m
2014-10-31 15:10:24.545 [00;32mDEBUG nova.openstack.common.service [[00;36m-[00;32m] [01;35m[00;32mwsgi_default_pool_size         = 1000[00m [00;33mfrom (pid=17811) log_opt_values /usr/local/lib/python2.7/dist-packages/oslo/config/cfg.py:1992[00m
2014-10-31 15:10:24.546 [00;32mDEBUG nova.openstack.common.service [[00;36m-[00;32m] [01;35m[00;32mwsgi_log_format                = %(client_ip)s "%(request_line)s" status: %(status_code)s len: %(body_length)s time: %(wall_seconds).7f[00m [00;33mfrom (pid=17811) log_opt_values /usr/local/lib/python2.7/dist-packages/oslo/config/cfg.py:1992[00m
2014-10-31 15:10:24.546 [00;32mDEBUG nova.openstack.common.service [[00;36m-[00;32m] [01;35m[00;32mxvpvncproxy_base_url           = http://10.10.102.148:6081/console[00m [00;33mfrom (pid=17811) log_opt_values /usr/local/lib/python2.7/dist-packages/oslo/config/cfg.py:1992[00m
2014-10-31 15:10:24.546 [00;32mDEBUG nova.openstack.common.service [[00;36m-[00;32m] [01;35m[00;32mxvpvncproxy_host               = 0.0.0.0[00m [00;33mfrom (pid=17811) log_opt_values /usr/local/lib/python2.7/dist-packages/oslo/config/cfg.py:1992[00m
2014-10-31 15:10:24.547 [00;32mDEBUG nova.openstack.common.service [[00;36m-[00;32m] [01;35m[00;32mxvpvncproxy_port               = 6081[00m [00;33mfrom (pid=17811) log_opt_values /usr/local/lib/python2.7/dist-packages/oslo/config/cfg.py:1992[00m
2014-10-31 15:10:24.547 [00;32mDEBUG nova.openstack.common.service [[00;36m-[00;32m] [01;35m[00;32mephemeral_storage_encryption.cipher = aes-xts-plain64[00m [00;33mfrom (pid=17811) log_opt_values /usr/local/lib/python2.7/dist-packages/oslo/config/cfg.py:2000[00m
2014-10-31 15:10:24.548 [00;32mDEBUG nova.openstack.common.service [[00;36m-[00;32m] [01;35m[00;32mephemeral_storage_encryption.enabled = False[00m [00;33mfrom (pid=17811) log_opt_values /usr/local/lib/python2.7/dist-packages/oslo/config/cfg.py:2000[00m
2014-10-31 15:10:24.548 [00;32mDEBUG nova.openstack.common.service [[00;36m-[00;32m] [01;35m[00;32mephemeral_storage_encryption.key_size = 512[00m [00;33mfrom (pid=17811) log_opt_values /usr/local/lib/python2.7/dist-packages/oslo/config/cfg.py:2000[00m
2014-10-31 15:10:24.548 [00;32mDEBUG nova.openstack.common.service [[00;36m-[00;32m] [01;35m[00;32mconductor.manager              = nova.conductor.manager.ConductorManager[00m [00;33mfrom (pid=17811) log_opt_values /usr/local/lib/python2.7/dist-packages/oslo/config/cfg.py:2000[00m
2014-10-31 15:10:24.549 [00;32mDEBUG nova.openstack.common.service [[00;36m-[00;32m] [01;35m[00;32mconductor.topic                = conductor[00m [00;33mfrom (pid=17811) log_opt_values /usr/local/lib/python2.7/dist-packages/oslo/config/cfg.py:2000[00m
2014-10-31 15:10:24.549 [00;32mDEBUG nova.openstack.common.service [[00;36m-[00;32m] [01;35m[00;32mconductor.use_local            = False[00m [00;33mfrom (pid=17811) log_opt_values /usr/local/lib/python2.7/dist-packages/oslo/config/cfg.py:2000[00m
2014-10-31 15:10:24.550 [00;32mDEBUG nova.openstack.common.service [[00;36m-[00;32m] [01;35m[00;32mconductor.workers              = None[00m [00;33mfrom (pid=17811) log_opt_values /usr/local/lib/python2.7/dist-packages/oslo/config/cfg.py:2000[00m
2014-10-31 15:10:24.550 [00;32mDEBUG nova.openstack.common.service [[00;36m-[00;32m] [01;35m[00;32mkeymgr.api_class               = nova.keymgr.conf_key_mgr.ConfKeyManager[00m [00;33mfrom (pid=17811) log_opt_values /usr/local/lib/python2.7/dist-packages/oslo/config/cfg.py:2000[00m
2014-10-31 15:10:24.550 [00;32mDEBUG nova.openstack.common.service [[00;36m-[00;32m] [01;35m[00;32mcells.bandwidth_update_interval = 600[00m [00;33mfrom (pid=17811) log_opt_values /usr/local/lib/python2.7/dist-packages/oslo/config/cfg.py:2000[00m
2014-10-31 15:10:24.551 [00;32mDEBUG nova.openstack.common.service [[00;36m-[00;32m] [01;35m[00;32mcells.call_timeout             = 60[00m [00;33mfrom (pid=17811) log_opt_values /usr/local/lib/python2.7/dist-packages/oslo/config/cfg.py:2000[00m
2014-10-31 15:10:24.551 [00;32mDEBUG nova.openstack.common.service [[00;36m-[00;32m] [01;35m[00;32mcells.capabilities             = ['hypervisor=xenserver;kvm', 'os=linux;windows'][00m [00;33mfrom (pid=17811) log_opt_values /usr/local/lib/python2.7/dist-packages/oslo/config/cfg.py:2000[00m
2014-10-31 15:10:24.552 [00;32mDEBUG nova.openstack.common.service [[00;36m-[00;32m] [01;35m[00;32mcells.cell_type                = compute[00m [00;33mfrom (pid=17811) log_opt_values /usr/local/lib/python2.7/dist-packages/oslo/config/cfg.py:2000[00m
2014-10-31 15:10:24.552 [00;32mDEBUG nova.openstack.common.service [[00;36m-[00;32m] [01;35m[00;32mcells.enable                   = False[00m [00;33mfrom (pid=17811) log_opt_values /usr/local/lib/python2.7/dist-packages/oslo/config/cfg.py:2000[00m
2014-10-31 15:10:24.553 [00;32mDEBUG nova.openstack.common.service [[00;36m-[00;32m] [01;35m[00;32mcells.manager                  = nova.cells.manager.CellsManager[00m [00;33mfrom (pid=17811) log_opt_values /usr/local/lib/python2.7/dist-packages/oslo/config/cfg.py:2000[00m
2014-10-31 15:10:24.553 [00;32mDEBUG nova.openstack.common.service [[00;36m-[00;32m] [01;35m[00;32mcells.mute_child_interval      = 300[00m [00;33mfrom (pid=17811) log_opt_values /usr/local/lib/python2.7/dist-packages/oslo/config/cfg.py:2000[00m
2014-10-31 15:10:24.554 [00;32mDEBUG nova.openstack.common.service [[00;36m-[00;32m] [01;35m[00;32mcells.name                     = nova[00m [00;33mfrom (pid=17811) log_opt_values /usr/local/lib/python2.7/dist-packages/oslo/config/cfg.py:2000[00m
2014-10-31 15:10:24.554 [00;32mDEBUG nova.openstack.common.service [[00;36m-[00;32m] [01;35m[00;32mcells.reserve_percent          = 10.0[00m [00;33mfrom (pid=17811) log_opt_values /usr/local/lib/python2.7/dist-packages/oslo/config/cfg.py:2000[00m
2014-10-31 15:10:24.554 [00;32mDEBUG nova.openstack.common.service [[00;36m-[00;32m] [01;35m[00;32mcells.topic                    = cells[00m [00;33mfrom (pid=17811) log_opt_values /usr/local/lib/python2.7/dist-packages/oslo/config/cfg.py:2000[00m
2014-10-31 15:10:24.555 [00;32mDEBUG nova.openstack.common.service [[00;36m-[00;32m] [01;35m[00;32mdatabase.backend               = sqlalchemy[00m [00;33mfrom (pid=17811) log_opt_values /usr/local/lib/python2.7/dist-packages/oslo/config/cfg.py:2000[00m
2014-10-31 15:10:24.555 [00;32mDEBUG nova.openstack.common.service [[00;36m-[00;32m] [01;35m[00;32mdatabase.connection            = ****[00m [00;33mfrom (pid=17811) log_opt_values /usr/local/lib/python2.7/dist-packages/oslo/config/cfg.py:2000[00m
2014-10-31 15:10:24.556 [00;32mDEBUG nova.openstack.common.service [[00;36m-[00;32m] [01;35m[00;32mdatabase.connection_debug      = 0[00m [00;33mfrom (pid=17811) log_opt_values /usr/local/lib/python2.7/dist-packages/oslo/config/cfg.py:2000[00m
2014-10-31 15:10:24.556 [00;32mDEBUG nova.openstack.common.service [[00;36m-[00;32m] [01;35m[00;32mdatabase.connection_trace      = False[00m [00;33mfrom (pid=17811) log_opt_values /usr/local/lib/python2.7/dist-packages/oslo/config/cfg.py:2000[00m
2014-10-31 15:10:24.557 [00;32mDEBUG nova.openstack.common.service [[00;36m-[00;32m] [01;35m[00;32mdatabase.db_inc_retry_interval = True[00m [00;33mfrom (pid=17811) log_opt_values /usr/local/lib/python2.7/dist-packages/oslo/config/cfg.py:2000[00m
2014-10-31 15:10:24.557 [00;32mDEBUG nova.openstack.common.service [[00;36m-[00;32m] [01;35m[00;32mdatabase.db_max_retries        = 20[00m [00;33mfrom (pid=17811) log_opt_values /usr/local/lib/python2.7/dist-packages/oslo/config/cfg.py:2000[00m
2014-10-31 15:10:24.557 [00;32mDEBUG nova.openstack.common.service [[00;36m-[00;32m] [01;35m[00;32mdatabase.db_max_retry_interval = 10[00m [00;33mfrom (pid=17811) log_opt_values /usr/local/lib/python2.7/dist-packages/oslo/config/cfg.py:2000[00m
2014-10-31 15:10:24.558 [00;32mDEBUG nova.openstack.common.service [[00;36m-[00;32m] [01;35m[00;32mdatabase.db_retry_interval     = 1[00m [00;33mfrom (pid=17811) log_opt_values /usr/local/lib/python2.7/dist-packages/oslo/config/cfg.py:2000[00m
2014-10-31 15:10:24.558 [00;32mDEBUG nova.openstack.common.service [[00;36m-[00;32m] [01;35m[00;32mdatabase.idle_timeout          = 3600[00m [00;33mfrom (pid=17811) log_opt_values /usr/local/lib/python2.7/dist-packages/oslo/config/cfg.py:2000[00m
2014-10-31 15:10:24.559 [00;32mDEBUG nova.openstack.common.service [[00;36m-[00;32m] [01;35m[00;32mdatabase.max_overflow          = None[00m [00;33mfrom (pid=17811) log_opt_values /usr/local/lib/python2.7/dist-packages/oslo/config/cfg.py:2000[00m
2014-10-31 15:10:24.559 [00;32mDEBUG nova.openstack.common.service [[00;36m-[00;32m] [01;35m[00;32mdatabase.max_pool_size         = None[00m [00;33mfrom (pid=17811) log_opt_values /usr/local/lib/python2.7/dist-packages/oslo/config/cfg.py:2000[00m
2014-10-31 15:10:24.559 [00;32mDEBUG nova.openstack.common.service [[00;36m-[00;32m] [01;35m[00;32mdatabase.max_retries           = 10[00m [00;33mfrom (pid=17811) log_opt_values /usr/local/lib/python2.7/dist-packages/oslo/config/cfg.py:2000[00m
2014-10-31 15:10:24.560 [00;32mDEBUG nova.openstack.common.service [[00;36m-[00;32m] [01;35m[00;32mdatabase.min_pool_size         = 1[00m [00;33mfrom (pid=17811) log_opt_values /usr/local/lib/python2.7/dist-packages/oslo/config/cfg.py:2000[00m
2014-10-31 15:10:24.560 [00;32mDEBUG nova.openstack.common.service [[00;36m-[00;32m] [01;35m[00;32mdatabase.mysql_sql_mode        = TRADITIONAL[00m [00;33mfrom (pid=17811) log_opt_values /usr/local/lib/python2.7/dist-packages/oslo/config/cfg.py:2000[00m
2014-10-31 15:10:24.561 [00;32mDEBUG nova.openstack.common.service [[00;36m-[00;32m] [01;35m[00;32mdatabase.pool_timeout          = None[00m [00;33mfrom (pid=17811) log_opt_values /usr/local/lib/python2.7/dist-packages/oslo/config/cfg.py:2000[00m
2014-10-31 15:10:24.561 [00;32mDEBUG nova.openstack.common.service [[00;36m-[00;32m] [01;35m[00;32mdatabase.retry_interval        = 10[00m [00;33mfrom (pid=17811) log_opt_values /usr/local/lib/python2.7/dist-packages/oslo/config/cfg.py:2000[00m
2014-10-31 15:10:24.561 [00;32mDEBUG nova.openstack.common.service [[00;36m-[00;32m] [01;35m[00;32mdatabase.slave_connection      = ****[00m [00;33mfrom (pid=17811) log_opt_values /usr/local/lib/python2.7/dist-packages/oslo/config/cfg.py:2000[00m
2014-10-31 15:10:24.562 [00;32mDEBUG nova.openstack.common.service [[00;36m-[00;32m] [01;35m[00;32mdatabase.sqlite_db             = nova.sqlite[00m [00;33mfrom (pid=17811) log_opt_values /usr/local/lib/python2.7/dist-packages/oslo/config/cfg.py:2000[00m
2014-10-31 15:10:24.562 [00;32mDEBUG nova.openstack.common.service [[00;36m-[00;32m] [01;35m[00;32mdatabase.sqlite_synchronous    = True[00m [00;33mfrom (pid=17811) log_opt_values /usr/local/lib/python2.7/dist-packages/oslo/config/cfg.py:2000[00m
2014-10-31 15:10:24.563 [00;32mDEBUG nova.openstack.common.service [[00;36m-[00;32m] [01;35m[00;32mdatabase.use_db_reconnect      = False[00m [00;33mfrom (pid=17811) log_opt_values /usr/local/lib/python2.7/dist-packages/oslo/config/cfg.py:2000[00m
2014-10-31 15:10:24.563 [00;32mDEBUG nova.openstack.common.service [[00;36m-[00;32m] [01;35m[00;32mdatabase.use_tpool             = False[00m [00;33mfrom (pid=17811) log_opt_values /usr/local/lib/python2.7/dist-packages/oslo/config/cfg.py:2000[00m
2014-10-31 15:10:24.564 [00;32mDEBUG nova.openstack.common.service [[00;36m-[00;32m] [01;35m[00;32mssl.ca_file                    = None[00m [00;33mfrom (pid=17811) log_opt_values /usr/local/lib/python2.7/dist-packages/oslo/config/cfg.py:2000[00m
2014-10-31 15:10:24.564 [00;32mDEBUG nova.openstack.common.service [[00;36m-[00;32m] [01;35m[00;32mssl.cert_file                  = None[00m [00;33mfrom (pid=17811) log_opt_values /usr/local/lib/python2.7/dist-packages/oslo/config/cfg.py:2000[00m
2014-10-31 15:10:24.564 [00;32mDEBUG nova.openstack.common.service [[00;36m-[00;32m] [01;35m[00;32mssl.key_file                   = None[00m [00;33mfrom (pid=17811) log_opt_values /usr/local/lib/python2.7/dist-packages/oslo/config/cfg.py:2000[00m
2014-10-31 15:10:24.565 [00;32mDEBUG nova.openstack.common.service [[00;36m-[00;32m] [01;35m[00;32mglance.allowed_direct_url_schemes = [][00m [00;33mfrom (pid=17811) log_opt_values /usr/local/lib/python2.7/dist-packages/oslo/config/cfg.py:2000[00m
2014-10-31 15:10:24.565 [00;32mDEBUG nova.openstack.common.service [[00;36m-[00;32m] [01;35m[00;32mglance.api_insecure            = False[00m [00;33mfrom (pid=17811) log_opt_values /usr/local/lib/python2.7/dist-packages/oslo/config/cfg.py:2000[00m
2014-10-31 15:10:24.566 [00;32mDEBUG nova.openstack.common.service [[00;36m-[00;32m] [01;35m[00;32mglance.api_servers             = ['http://10.10.102.148:9292'][00m [00;33mfrom (pid=17811) log_opt_values /usr/local/lib/python2.7/dist-packages/oslo/config/cfg.py:2000[00m
2014-10-31 15:10:24.566 [00;32mDEBUG nova.openstack.common.service [[00;36m-[00;32m] [01;35m[00;32mglance.host                    = 10.10.102.148[00m [00;33mfrom (pid=17811) log_opt_values /usr/local/lib/python2.7/dist-packages/oslo/config/cfg.py:2000[00m
2014-10-31 15:10:24.567 [00;32mDEBUG nova.openstack.common.service [[00;36m-[00;32m] [01;35m[00;32mglance.num_retries             = 0[00m [00;33mfrom (pid=17811) log_opt_values /usr/local/lib/python2.7/dist-packages/oslo/config/cfg.py:2000[00m
2014-10-31 15:10:24.567 [00;32mDEBUG nova.openstack.common.service [[00;36m-[00;32m] [01;35m[00;32mglance.port                    = 9292[00m [00;33mfrom (pid=17811) log_opt_values /usr/local/lib/python2.7/dist-packages/oslo/config/cfg.py:2000[00m
2014-10-31 15:10:24.568 [00;32mDEBUG nova.openstack.common.service [[00;36m-[00;32m] [01;35m[00;32mglance.protocol                = http[00m [00;33mfrom (pid=17811) log_opt_values /usr/local/lib/python2.7/dist-packages/oslo/config/cfg.py:2000[00m
2014-10-31 15:10:24.568 [00;32mDEBUG nova.openstack.common.service [[00;36m-[00;32m] [01;35m[00;32mupgrade_levels.baseapi         = None[00m [00;33mfrom (pid=17811) log_opt_values /usr/local/lib/python2.7/dist-packages/oslo/config/cfg.py:2000[00m
2014-10-31 15:10:24.568 [00;32mDEBUG nova.openstack.common.service [[00;36m-[00;32m] [01;35m[00;32mupgrade_levels.cells           = None[00m [00;33mfrom (pid=17811) log_opt_values /usr/local/lib/python2.7/dist-packages/oslo/config/cfg.py:2000[00m
2014-10-31 15:10:24.569 [00;32mDEBUG nova.openstack.common.service [[00;36m-[00;32m] [01;35m[00;32mupgrade_levels.compute         = None[00m [00;33mfrom (pid=17811) log_opt_values /usr/local/lib/python2.7/dist-packages/oslo/config/cfg.py:2000[00m
2014-10-31 15:10:24.569 [00;32mDEBUG nova.openstack.common.service [[00;36m-[00;32m] [01;35m[00;32mupgrade_levels.conductor       = None[00m [00;33mfrom (pid=17811) log_opt_values /usr/local/lib/python2.7/dist-packages/oslo/config/cfg.py:2000[00m
2014-10-31 15:10:24.570 [00;32mDEBUG nova.openstack.common.service [[00;36m-[00;32m] [01;35m[00;32mupgrade_levels.consoleauth     = None[00m [00;33mfrom (pid=17811) log_opt_values /usr/local/lib/python2.7/dist-packages/oslo/config/cfg.py:2000[00m
2014-10-31 15:10:24.570 [00;32mDEBUG nova.openstack.common.service [[00;36m-[00;32m] [01;35m[00;32mremote_debug.host              = None[00m [00;33mfrom (pid=17811) log_opt_values /usr/local/lib/python2.7/dist-packages/oslo/config/cfg.py:2000[00m
2014-10-31 15:10:24.570 [00;32mDEBUG nova.openstack.common.service [[00;36m-[00;32m] [01;35m[00;32mremote_debug.port              = None[00m [00;33mfrom (pid=17811) log_opt_values /usr/local/lib/python2.7/dist-packages/oslo/config/cfg.py:2000[00m
2014-10-31 15:10:24.571 [00;32mDEBUG nova.openstack.common.service [[00;36m-[00;32m] [01;35m[00;32m********************************************************************************[00m [00;33mfrom (pid=17811) log_opt_values /usr/local/lib/python2.7/dist-packages/oslo/config/cfg.py:2002[00m
2014-10-31 15:10:24.571 [00;36mINFO nova.XCP VNC Proxy.wsgi.server [[00;36m-[00;36m] [01;35m[00;36m(17811) wsgi starting up on http://0.0.0.0:6081/[00m
